needDeal/zldhd/zldhd/build/outputs/logs/manifest-merger-debug-report.txt
-- Merging decision tree log ---
manifest
ADDED from src\main\AndroidManifest.xml:2:1-220:12
	package
		ADDED from src\main\AndroidManifest.xml:3:11-28
		INJECTED from src\main\AndroidManifest.xml
		INJECTED from src\main\AndroidManifest.xml
	android:versionName
		ADDED from src\main\AndroidManifest.xml:5:11-38
		INJECTED from src\main\AndroidManifest.xml
		INJECTED from src\main\AndroidManifest.xml
	android:versionCode
		ADDED from src\main\AndroidManifest.xml:4:11-36
		INJECTED from src\main\AndroidManifest.xml
		INJECTED from src\main\AndroidManifest.xml
	xmlns:android
		ADDED from src\main\AndroidManifest.xml:2:11-69
uses-sdk
ADDED from src\main\AndroidManifest.xml:7:5-9:40
MERGED from [zldhd:library:unspecified] AndroidManifest.xml:7:5-9:41
MERGED from [com.android.support:support-v4:22.0.0] AndroidManifest.xml:20:5-43
	android:targetSdkVersion
		ADDED from src\main\AndroidManifest.xml:9:9-38
		INJECTED from src\main\AndroidManifest.xml
		INJECTED from src\main\AndroidManifest.xml
	android:minSdkVersion
		ADDED from src\main\AndroidManifest.xml:8:9-35
		INJECTED from src\main\AndroidManifest.xml
		INJECTED from src\main\AndroidManifest.xml
supports-screens
ADDED from src\main\AndroidManifest.xml:11:5-15:38
	android:largeScreens
		ADDED from src\main\AndroidManifest.xml:13:9-36
	android:smallScreens
		ADDED from src\main\AndroidManifest.xml:15:9-36
	android:normalScreens
		ADDED from src\main\AndroidManifest.xml:14:9-37
	android:anyDensity
		ADDED from src\main\AndroidManifest.xml:12:9-34
uses-feature#android.hardware.bluetooth_le
ADDED from src\main\AndroidManifest.xml:17:5-19:34
	android:required
		ADDED from src\main\AndroidManifest.xml:19:9-32
	android:name
		ADDED from src\main\AndroidManifest.xml:18:9-53
uses-permission#android.permission.BLUETOOTH
ADDED from src\main\AndroidManifest.xml:21:5-67
	android:name
		ADDED from src\main\AndroidManifest.xml:21:22-65
uses-permission#android.permission.BLUETOOTH_ADMIN
ADDED from src\main\AndroidManifest.xml:22:5-73
	android:name
		ADDED from src\main\AndroidManifest.xml:22:22-71
uses-permission#android.permission.READ_EXTERNAL_STORAGE
ADDED from src\main\AndroidManifest.xml:23:5-79
	android:name
		ADDED from src\main\AndroidManifest.xml:23:22-77
uses-permission#android.permission.WRITE_EXTERNAL_STORAGE
ADDED from src\main\AndroidManifest.xml:24:5-80
	android:name
		ADDED from src\main\AndroidManifest.xml:24:22-78
uses-permission#android.permission.MOUNT_UNMOUNT_FILESYSTEMS
ADDED from src\main\AndroidManifest.xml:25:5-83
	android:name
		ADDED from src\main\AndroidManifest.xml:25:22-81
uses-permission#android.permission.RECEIVE_BOOT_COMPLETED
ADDED from src\main\AndroidManifest.xml:26:5-80
	android:name
		ADDED from src\main\AndroidManifest.xml:26:22-78
uses-permission#android.permission.NFC
ADDED from src\main\AndroidManifest.xml:27:5-61
	android:name
		ADDED from src\main\AndroidManifest.xml:27:22-59
uses-permission#android.permission.CALL_PHONE
ADDED from src\main\AndroidManifest.xml:28:5-68
	android:name
		ADDED from src\main\AndroidManifest.xml:28:22-66
uses-permission#android.permission.GET_TASKS
ADDED from src\main\AndroidManifest.xml:29:5-67
	android:name
		ADDED from src\main\AndroidManifest.xml:29:22-65
uses-permission#android.permission.ACCESS_COARSE_LOCATION
ADDED from src\main\AndroidManifest.xml:31:5-80
	android:name
		ADDED from src\main\AndroidManifest.xml:31:22-78
uses-permission#android.permission.ACCESS_FINE_LOCATION
ADDED from src\main\AndroidManifest.xml:33:5-78
	android:name
		ADDED from src\main\AndroidManifest.xml:33:22-76
uses-permission#android.permission.ACCESS_NETWORK_STATE
ADDED from src\main\AndroidManifest.xml:35:5-78
	android:name
		ADDED from src\main\AndroidManifest.xml:35:22-76
uses-permission#android.permission.CHANGE_WIFI_STATE
ADDED from src\main\AndroidManifest.xml:37:5-75
	android:name
		ADDED from src\main\AndroidManifest.xml:37:22-73
uses-permission#android.permission.READ_PHONE_STATE
ADDED from src\main\AndroidManifest.xml:39:5-74
	android:name
		ADDED from src\main\AndroidManifest.xml:39:22-72
uses-permission#android.permission.INTERNET
ADDED from src\main\AndroidManifest.xml:43:5-66
	android:name
		ADDED from src\main\AndroidManifest.xml:43:22-64
uses-permission#android.permission.READ_LOGS
ADDED from src\main\AndroidManifest.xml:46:5-67
	android:name
		ADDED from src\main\AndroidManifest.xml:46:22-65
uses-permission#android.permission.ACCESS_WIFI_STATE
ADDED from src\main\AndroidManifest.xml:47:5-75
	android:name
		ADDED from src\main\AndroidManifest.xml:47:22-73
uses-permission#android.permission.WRITE_SETTINGS
ADDED from src\main\AndroidManifest.xml:48:5-72
	android:name
		ADDED from src\main\AndroidManifest.xml:48:22-70
uses-permission#android.permission.RECORD_AUDIO
ADDED from src\main\AndroidManifest.xml:49:5-70
	android:name
		ADDED from src\main\AndroidManifest.xml:49:22-68
uses-permission#android.permission.CHANGE_NETWORK_STATE
ADDED from src\main\AndroidManifest.xml:50:5-78
	android:name
		ADDED from src\main\AndroidManifest.xml:50:22-76
uses-permission#android.permission.CAMERA
ADDED from src\main\AndroidManifest.xml:51:5-64
	android:name
		ADDED from src\main\AndroidManifest.xml:51:22-62
uses-permission#android.permission.FLASHLIGHT
ADDED from src\main\AndroidManifest.xml:52:5-68
	android:name
		ADDED from src\main\AndroidManifest.xml:52:22-66
uses-permission#android.permission.VIBRATE
ADDED from src\main\AndroidManifest.xml:53:5-65
	android:name
		ADDED from src\main\AndroidManifest.xml:53:22-63
uses-permission#android.permission.SYSTEM_ALERT_WINDOW
ADDED from src\main\AndroidManifest.xml:54:5-77
	android:name
		ADDED from src\main\AndroidManifest.xml:54:22-75
uses-permission#android.permission.MANAGE_ACCOUNTS
ADDED from src\main\AndroidManifest.xml:57:5-73
	android:name
		ADDED from src\main\AndroidManifest.xml:57:22-71
uses-permission#android.permission.GET_ACCOUNTS
ADDED from src\main\AndroidManifest.xml:58:5-70
	android:name
		ADDED from src\main\AndroidManifest.xml:58:22-68
uses-feature#android.hardware.camera
ADDED from src\main\AndroidManifest.xml:60:5-59
	android:name
		ADDED from src\main\AndroidManifest.xml:60:19-57
uses-feature#android.hardware.camera.autofocus
ADDED from src\main\AndroidManifest.xml:61:5-69
	android:name
		ADDED from src\main\AndroidManifest.xml:61:19-67
application
ADDED from src\main\AndroidManifest.xml:63:5-218:19
MERGED from [zldhd:library:unspecified] AndroidManifest.xml:11:5-20
MERGED from [com.android.support:support-v4:22.0.0] AndroidManifest.xml:22:5-20
	android:label
		ADDED from src\main\AndroidManifest.xml:67:9-41
	android:allowBackup
		ADDED from src\main\AndroidManifest.xml:65:9-35
	android:icon
		ADDED from src\main\AndroidManifest.xml:66:9-42
	android:theme
		ADDED from src\main\AndroidManifest.xml:68:9-40
	android:name
		ADDED from src\main\AndroidManifest.xml:64:9-43
activity#com.zld.ui.HelloActivity
ADDED from src\main\AndroidManifest.xml:69:9-79:20
	android:screenOrientation
		ADDED from src\main\AndroidManifest.xml:72:13-50
	android:label
		ADDED from src\main\AndroidManifest.xml:71:13-45
	android:theme
		ADDED from src\main\AndroidManifest.xml:73:13-47
	android:name
		ADDED from src\main\AndroidManifest.xml:70:13-52
activity#com.zld.ui.ZldNewActivity
ADDED from src\main\AndroidManifest.xml:80:9-92:20
	android:screenOrientation
		ADDED from src\main\AndroidManifest.xml:82:13-50
	android:name
		ADDED from src\main\AndroidManifest.xml:81:13-53
intent-filter#android.intent.action.MAIN+android.intent.category.LAUNCHER
ADDED from src\main\AndroidManifest.xml:86:13-90:29
action#android.intent.action.MAIN
ADDED from src\main\AndroidManifest.xml:87:17-68
	android:name
		ADDED from src\main\AndroidManifest.xml:87:25-66
category#android.intent.category.LAUNCHER
ADDED from src\main\AndroidManifest.xml:89:17-76
	android:name
		ADDED from src\main\AndroidManifest.xml:89:27-74
activity#com.zld.ui.LoginActivity
ADDED from src\main\AndroidManifest.xml:93:9-98:20
	android:screenOrientation
		ADDED from src\main\AndroidManifest.xml:96:13-50
	android:label
		ADDED from src\main\AndroidManifest.xml:95:13-50
	android:name
		ADDED from src\main\AndroidManifest.xml:94:13-52
activity#com.vzvison.MainActivity
ADDED from src\main\AndroidManifest.xml:99:9-103:20
	android:screenOrientation
		ADDED from src\main\AndroidManifest.xml:101:13-50
	android:name
		ADDED from src\main\AndroidManifest.xml:100:13-52
activity#com.zld.ui.ChooseWorkstationActivity
ADDED from src\main\AndroidManifest.xml:104:9-113:20
	android:screenOrientation
		ADDED from src\main\AndroidManifest.xml:108:13-50
	android:label
		ADDED from src\main\AndroidManifest.xml:107:13-62
	android:windowSoftInputMode
		ADDED from src\main\AndroidManifest.xml:110:13-72
	android:configChanges
		ADDED from src\main\AndroidManifest.xml:106:13-63
	android:theme
		ADDED from src\main\AndroidManifest.xml:109:13-47
	android:name
		ADDED from src\main\AndroidManifest.xml:105:13-64
activity#com.zld.ui.BaseActivity
ADDED from src\main\AndroidManifest.xml:114:9-118:20
	android:screenOrientation
		ADDED from src\main\AndroidManifest.xml:116:13-50
	android:name
		ADDED from src\main\AndroidManifest.xml:115:13-51
activity#com.zld.ui.BackgroundActivity
ADDED from src\main\AndroidManifest.xml:119:9-124:20
	android:screenOrientation
		ADDED from src\main\AndroidManifest.xml:122:13-50
	android:label
		ADDED from src\main\AndroidManifest.xml:121:13-55
	android:name
		ADDED from src\main\AndroidManifest.xml:120:13-57
receiver#com.zld.receiver.StartupReceiver
ADDED from src\main\AndroidManifest.xml:126:9-132:20
	android:name
		ADDED from src\main\AndroidManifest.xml:126:19-66
intent-filter#android.intent.action.BOOT_COMPLETED+android.intent.category.HOME
ADDED from src\main\AndroidManifest.xml:127:13-131:29
action#android.intent.action.BOOT_COMPLETED
ADDED from src\main\AndroidManifest.xml:128:17-78
	android:name
		ADDED from src\main\AndroidManifest.xml:128:25-76
category#android.intent.category.HOME
ADDED from src\main\AndroidManifest.xml:130:17-72
	android:name
		ADDED from src\main\AndroidManifest.xml:130:27-70
service#com.zld.service.PollingService
ADDED from src\main\AndroidManifest.xml:134:9-142:19
	android:exported
		ADDED from src\main\AndroidManifest.xml:136:13-37
	android:name
		ADDED from src\main\AndroidManifest.xml:135:13-58
intent-filter#android.intent.category.LAUNCHER+com.zld.service.Polling_Service
ADDED from src\main\AndroidManifest.xml:137:13-141:29
action#com.zld.service.Polling_Service
ADDED from src\main\AndroidManifest.xml:138:17-73
	android:name
		ADDED from src\main\AndroidManifest.xml:138:25-71
service#com.zld.service.ShareUiService
ADDED from src\main\AndroidManifest.xml:143:9-149:19
	android:exported
		ADDED from src\main\AndroidManifest.xml:145:13-37
	android:name
		ADDED from src\main\AndroidManifest.xml:144:13-58
intent-filter#com.zld.service.ShareUi_Service
ADDED from src\main\AndroidManifest.xml:146:13-148:29
action#com.zld.service.ShareUi_Service
ADDED from src\main\AndroidManifest.xml:147:17-73
	android:name
		ADDED from src\main\AndroidManifest.xml:147:25-71
service#com.zld.service.DownLoadService
ADDED from src\main\AndroidManifest.xml:150:9-156:19
	android:exported
		ADDED from src\main\AndroidManifest.xml:152:13-37
	android:name
		ADDED from src\main\AndroidManifest.xml:151:13-59
intent-filter#com.zld.service.DownLoadImage_Service
ADDED from src\main\AndroidManifest.xml:153:13-155:29
action#com.zld.service.DownLoadImage_Service
ADDED from src\main\AndroidManifest.xml:154:17-79
	android:name
		ADDED from src\main\AndroidManifest.xml:154:25-77
service#com.zld.service.HomeExitPageService
ADDED from src\main\AndroidManifest.xml:157:9-164:19
	android:process
		ADDED from src\main\AndroidManifest.xml:160:13-38
	android:exported
		ADDED from src\main\AndroidManifest.xml:159:13-37
	android:name
		ADDED from src\main\AndroidManifest.xml:158:13-63
intent-filter#com.zld.service.homeexit_ervice
ADDED from src\main\AndroidManifest.xml:161:13-163:29
action#com.zld.service.homeexit_ervice
ADDED from src\main\AndroidManifest.xml:162:17-73
	android:name
		ADDED from src\main\AndroidManifest.xml:162:25-71
service#com.zld.service.UpdateService
ADDED from src\main\AndroidManifest.xml:165:9-166:19
	android:name
		ADDED from src\main\AndroidManifest.xml:165:18-62
service#com.zld.service.DetectionServerService
ADDED from src\main\AndroidManifest.xml:167:9-173:19
	android:exported
		ADDED from src\main\AndroidManifest.xml:169:13-37
	android:name
		ADDED from src\main\AndroidManifest.xml:168:13-66
intent-filter#com.zld.service.DetectionServer_Service
ADDED from src\main\AndroidManifest.xml:170:13-172:29
action#com.zld.service.DetectionServer_Service
ADDED from src\main\AndroidManifest.xml:171:17-81
	android:name
		ADDED from src\main\AndroidManifest.xml:171:25-79
activity#com.umeng.fb.ConversationActivity
ADDED from src\main\AndroidManifest.xml:175:9-179:20
	android:theme
		ADDED from src\main\AndroidManifest.xml:177:13-60
	android:name
		ADDED from src\main\AndroidManifest.xml:176:13-61
activity#com.umeng.fb.ContactActivity
ADDED from src\main\AndroidManifest.xml:181:9-185:20
	android:theme
		ADDED from src\main\AndroidManifest.xml:183:13-60
	android:name
		ADDED from src\main\AndroidManifest.xml:182:13-56
meta-data#android.support.UI_OPTIONS
ADDED from src\main\AndroidManifest.xml:187:9-189:55
	android:value
		ADDED from src\main\AndroidManifest.xml:189:13-53
	android:name
		ADDED from src\main\AndroidManifest.xml:188:13-54
meta-data#UMENG_APPKEY
ADDED from src\main\AndroidManifest.xml:190:9-192:55
	android:value
		ADDED from src\main\AndroidManifest.xml:192:13-53
	android:name
		ADDED from src\main\AndroidManifest.xml:191:13-40
meta-data#UMENG_CHANNEL
ADDED from src\main\AndroidManifest.xml:195:9-197:44
	android:value
		ADDED from src\main\AndroidManifest.xml:197:13-42
	android:name
		ADDED from src\main\AndroidManifest.xml:196:13-41
meta-data#BluewareChannel
ADDED from src\main\AndroidManifest.xml:198:9-200:44
	android:value
		ADDED from src\main\AndroidManifest.xml:200:13-42
	android:name
		ADDED from src\main\AndroidManifest.xml:199:13-43
activity#cn.sharesdk.framework.ShareSDKUIShell
ADDED from src\main\AndroidManifest.xml:203:9-217:20
	android:screenOrientation
		ADDED from src\main\AndroidManifest.xml:206:13-50
	android:windowSoftInputMode
		ADDED from src\main\AndroidManifest.xml:208:13-67
	android:configChanges
		ADDED from src\main\AndroidManifest.xml:205:13-74
	android:theme
		ADDED from src\main\AndroidManifest.xml:207:13-72
	android:name
		ADDED from src\main\AndroidManifest.xml:204:13-65
intent-filter#android.intent.action.VIEW+android.intent.category.BROWSABLE+android.intent.category.DEFAULT
ADDED from src\main\AndroidManifest.xml:209:13-216:29
data
ADDED from src\main\AndroidManifest.xml:210:17-58
	android:scheme
		ADDED from src\main\AndroidManifest.xml:210:23-56
action#android.intent.action.VIEW
ADDED from src\main\AndroidManifest.xml:212:17-68
	android:name
		ADDED from src\main\AndroidManifest.xml:212:25-66
category#android.intent.category.BROWSABLE
ADDED from src\main\AndroidManifest.xml:214:17-77
	android:name
		ADDED from src\main\AndroidManifest.xml:214:27-75
category#android.intent.category.DEFAULT
ADDED from src\main\AndroidManifest.xml:215:17-75
	android:name
		ADDED from src\main\AndroidManifest.xml:215:27-73